This is pdfTeX, Version 3.14159265-2.6-1.40.20 (TeX Live 2019) (preloaded format=pdflatex 2019.12.28)  30 DEC 2019 12:41
entering extended mode
 restricted \write18 enabled.
 %&-line parsing enabled.
**arxiv.tex
(./arxiv.tex
LaTeX2e <2019-10-01> patch level 3
(/usr/local/texlive/2019/texmf-dist/tex/latex/base/article.cls
Document Class: article 2019/10/25 v1.4k Standard LaTeX document class
(/usr/local/texlive/2019/texmf-dist/tex/latex/base/size10.clo
File: size10.clo 2019/10/25 v1.4k Standard LaTeX file (size option)
)
\c@part=\count80
\c@section=\count81
\c@subsection=\count82
\c@subsubsection=\count83
\c@paragraph=\count84
\c@subparagraph=\count85
\c@figure=\count86
\c@table=\count87
\abovecaptionskip=\skip41
\belowcaptionskip=\skip42
\bibindent=\dimen102
)
(/usr/local/texlive/2019/texmf-dist/tex/latex/hyperref/hyperref.sty
Package: hyperref 2019/11/10 v7.00c Hypertext links for LaTeX

(/usr/local/texlive/2019/texmf-dist/tex/generic/ltxcmds/ltxcmds.sty
Package: ltxcmds 2019/12/15 v1.24 LaTeX kernel commands for general use (HO)
)
(/usr/local/texlive/2019/texmf-dist/tex/generic/iftex/iftex.sty
Package: iftex 2019/11/07 v1.0c TeX engine tests
)
(/usr/local/texlive/2019/texmf-dist/tex/latex/pdftexcmds/pdftexcmds.sty
Package: pdftexcmds 2019/11/24 v0.31 Utility functions of pdfTeX for LuaTeX (HO
)

(/usr/local/texlive/2019/texmf-dist/tex/generic/infwarerr/infwarerr.sty
Package: infwarerr 2019/12/03 v1.5 Providing info/warning/error messages (HO)
)
Package pdftexcmds Info: \pdf@primitive is available.
Package pdftexcmds Info: \pdf@ifprimitive is available.
Package pdftexcmds Info: \pdfdraftmode found.
)
(/usr/local/texlive/2019/texmf-dist/tex/latex/graphics/keyval.sty
Package: keyval 2014/10/28 v1.15 key=value parser (DPC)
\KV@toks@=\toks14
)
(/usr/local/texlive/2019/texmf-dist/tex/generic/kvsetkeys/kvsetkeys.sty
Package: kvsetkeys 2019/12/15 v1.18 Key value parser (HO)
)
(/usr/local/texlive/2019/texmf-dist/tex/generic/kvdefinekeys/kvdefinekeys.sty
Package: kvdefinekeys 2019-12-19 v1.6 Define keys (HO)
)
(/usr/local/texlive/2019/texmf-dist/tex/generic/pdfescape/pdfescape.sty
Package: pdfescape 2019/12/09 v1.15 Implements pdfTeX's escape features (HO)
)
(/usr/local/texlive/2019/texmf-dist/tex/latex/hycolor/hycolor.sty
Package: hycolor 2019/12/15 v1.9 Color options for hyperref/bookmark (HO)

(/usr/local/texlive/2019/texmf-dist/tex/latex/hycolor/xcolor-patch.sty
Package: xcolor-patch 2019/12/15 xcolor patch

(/usr/local/texlive/2019/texmf-dist/tex/latex/oberdiek/hopatch.sty
Package: hopatch 2016/05/16 v1.3 Wrapper for package hooks (HO)
)))
(/usr/local/texlive/2019/texmf-dist/tex/latex/letltxmacro/letltxmacro.sty
Package: letltxmacro 2019/12/03 v1.6 Let assignment for LaTeX macros (HO)
)
(/usr/local/texlive/2019/texmf-dist/tex/latex/auxhook/auxhook.sty
Package: auxhook 2019-12-17 v1.6 Hooks for auxiliary files (HO)
)
(/usr/local/texlive/2019/texmf-dist/tex/latex/kvoptions/kvoptions.sty
Package: kvoptions 2019/11/29 v3.13 Key value format for package options (HO)
)
\@linkdim=\dimen103
\Hy@linkcounter=\count88
\Hy@pagecounter=\count89

(/usr/local/texlive/2019/texmf-dist/tex/latex/hyperref/pd1enc.def
File: pd1enc.def 2019/11/10 v7.00c Hyperref: PDFDocEncoding definition (HO)
Now handling font encoding PD1 ...
... no UTF-8 mapping file for font encoding PD1
)
(/usr/local/texlive/2019/texmf-dist/tex/generic/intcalc/intcalc.sty
Package: intcalc 2019/12/15 v1.3 Expandable calculations with integers (HO)
)
(/usr/local/texlive/2019/texmf-dist/tex/generic/etexcmds/etexcmds.sty
Package: etexcmds 2019/12/15 v1.7 Avoid name clashes with e-TeX commands (HO)
)
\Hy@SavedSpaceFactor=\count90

(/usr/local/texlive/2019/texmf-dist/tex/latex/latexconfig/hyperref.cfg
File: hyperref.cfg 2002/06/06 v1.2 hyperref configuration of TeXLive
)
Package hyperref Info: Hyper figures OFF on input line 4535.
Package hyperref Info: Link nesting OFF on input line 4540.
Package hyperref Info: Hyper index ON on input line 4543.
Package hyperref Info: Plain pages OFF on input line 4550.
Package hyperref Info: Backreferencing OFF on input line 4555.
Package hyperref Info: Implicit mode ON; LaTeX internals redefined.
Package hyperref Info: Bookmarks ON on input line 4788.
\c@Hy@tempcnt=\count91

(/usr/local/texlive/2019/texmf-dist/tex/latex/url/url.sty
\Urlmuskip=\muskip10
Package: url 2013/09/16  ver 3.4  Verb mode for urls, etc.
)
LaTeX Info: Redefining \url on input line 5147.
\XeTeXLinkMargin=\dimen104

(/usr/local/texlive/2019/texmf-dist/tex/generic/bitset/bitset.sty
Package: bitset 2019/12/09 v1.3 Handle bit-vector datatype (HO)

(/usr/local/texlive/2019/texmf-dist/tex/generic/bigintcalc/bigintcalc.sty
Package: bigintcalc 2019/12/15 v1.5 Expandable calculations on big integers (HO
)
))
\Fld@menulength=\count92
\Field@Width=\dimen105
\Fld@charsize=\dimen106
Package hyperref Info: Hyper figures OFF on input line 6418.
Package hyperref Info: Link nesting OFF on input line 6423.
Package hyperref Info: Hyper index ON on input line 6426.
Package hyperref Info: backreferencing OFF on input line 6433.
Package hyperref Info: Link coloring OFF on input line 6438.
Package hyperref Info: Link coloring with OCG OFF on input line 6443.
Package hyperref Info: PDF/A mode OFF on input line 6448.
LaTeX Info: Redefining \ref on input line 6488.
LaTeX Info: Redefining \pageref on input line 6492.

(/usr/local/texlive/2019/texmf-dist/tex/generic/atbegshi/atbegshi.sty
Package: atbegshi 2019/12/05 v1.19 At begin shipout hook (HO)
)
\Hy@abspage=\count93
\c@Item=\count94
\c@Hfootnote=\count95
)
Package hyperref Info: Driver (autodetected): hpdftex.

(/usr/local/texlive/2019/texmf-dist/tex/latex/hyperref/hpdftex.def
File: hpdftex.def 2019/11/10 v7.00c Hyperref driver for pdfTeX

(/usr/local/texlive/2019/texmf-dist/tex/latex/atveryend/atveryend.sty
Package: atveryend 2019-12-11 v1.11 Hooks at the very end of document (HO)
Package atveryend Info: \enddocument detected (standard20110627).
)
\Fld@listcount=\count96
\c@bookmark@seq@number=\count97

(/usr/local/texlive/2019/texmf-dist/tex/latex/rerunfilecheck/rerunfilecheck.sty
Package: rerunfilecheck 2019/12/05 v1.9 Rerun checks for auxiliary files (HO)

(/usr/local/texlive/2019/texmf-dist/tex/generic/uniquecounter/uniquecounter.sty
Package: uniquecounter 2019/12/15 v1.4 Provide unlimited unique counter (HO)
)
Package uniquecounter Info: New unique counter `rerunfilecheck' on input line 2
86.
)
\Hy@SectionHShift=\skip43
) (/usr/local/texlive/2019/texmf-dist/tex/latex/pdfpages/pdfpages.sty
Package: pdfpages 2019/12/17 v0.5p Insert pages of external PDF documents (AM)

(/usr/local/texlive/2019/texmf-dist/tex/latex/base/ifthen.sty
Package: ifthen 2014/09/29 v1.1c Standard LaTeX ifthen package (DPC)
)
(/usr/local/texlive/2019/texmf-dist/tex/latex/tools/calc.sty
Package: calc 2017/05/25 v4.3 Infix arithmetic (KKT,FJ)
\calc@Acount=\count98
\calc@Bcount=\count99
\calc@Adimen=\dimen107
\calc@Bdimen=\dimen108
\calc@Askip=\skip44
\calc@Bskip=\skip45
LaTeX Info: Redefining \setlength on input line 80.
LaTeX Info: Redefining \addtolength on input line 81.
\calc@Ccount=\count100
\calc@Cskip=\skip46
)
(/usr/local/texlive/2019/texmf-dist/tex/latex/eso-pic/eso-pic.sty
Package: eso-pic 2018/04/12 v2.0h eso-pic (RN)

(/usr/local/texlive/2019/texmf-dist/tex/latex/xcolor/xcolor.sty
Package: xcolor 2016/05/11 v2.12 LaTeX color extensions (UK)

(/usr/local/texlive/2019/texmf-dist/tex/latex/graphics-cfg/color.cfg
File: color.cfg 2016/01/02 v1.6 sample color configuration
)
Package xcolor Info: Driver file: pdftex.def on input line 225.

(/usr/local/texlive/2019/texmf-dist/tex/latex/graphics-def/pdftex.def
File: pdftex.def 2018/01/08 v1.0l Graphics/color driver for pdftex
)
Package xcolor Info: Model `cmy' substituted by `cmy0' on input line 1348.
Package xcolor Info: Model `hsb' substituted by `rgb' on input line 1352.
Package xcolor Info: Model `RGB' extended on input line 1364.
Package xcolor Info: Model `HTML' substituted by `rgb' on input line 1366.
Package xcolor Info: Model `Hsb' substituted by `hsb' on input line 1367.
Package xcolor Info: Model `tHsb' substituted by `hsb' on input line 1368.
Package xcolor Info: Model `HSB' substituted by `hsb' on input line 1369.
Package xcolor Info: Model `Gray' substituted by `gray' on input line 1370.
Package xcolor Info: Model `wave' substituted by `hsb' on input line 1371.
))
(/usr/local/texlive/2019/texmf-dist/tex/latex/graphics/graphicx.sty
Package: graphicx 2017/06/01 v1.1a Enhanced LaTeX Graphics (DPC,SPQR)

(/usr/local/texlive/2019/texmf-dist/tex/latex/graphics/graphics.sty
Package: graphics 2019/11/01 v1.3d Standard LaTeX Graphics (DPC,SPQR)

(/usr/local/texlive/2019/texmf-dist/tex/latex/graphics/trig.sty
Package: trig 2016/01/03 v1.10 sin cos tan (DPC)
)
(/usr/local/texlive/2019/texmf-dist/tex/latex/graphics-cfg/graphics.cfg
File: graphics.cfg 2016/06/04 v1.11 sample graphics configuration
)
Package graphics Info: Driver file: pdftex.def on input line 105.
)
\Gin@req@height=\dimen109
\Gin@req@width=\dimen110
)
\AM@pagewidth=\dimen111
\AM@pageheight=\dimen112

(/usr/local/texlive/2019/texmf-dist/tex/latex/pdfpages/pppdftex.def
File: pppdftex.def 2019/12/17 v0.5p Pdfpages driver for pdfTeX (AM)
)
\AM@pagebox=\box27
\AM@global@opts=\toks15
\AM@toc@title=\toks16
\c@AM@survey=\count101
\AM@templatesizebox=\box28
)
(./arxiv.aux)
\openout1 = `arxiv.aux'.

LaTeX Font Info:    Checking defaults for OML/cmm/m/it on input line 14.
LaTeX Font Info:    ... okay on input line 14.
LaTeX Font Info:    Checking defaults for T1/cmr/m/n on input line 14.
LaTeX Font Info:    ... okay on input line 14.
LaTeX Font Info:    Checking defaults for OT1/cmr/m/n on input line 14.
LaTeX Font Info:    ... okay on input line 14.
LaTeX Font Info:    Checking defaults for OMS/cmsy/m/n on input line 14.
LaTeX Font Info:    ... okay on input line 14.
LaTeX Font Info:    Checking defaults for OMX/cmex/m/n on input line 14.
LaTeX Font Info:    ... okay on input line 14.
LaTeX Font Info:    Checking defaults for U/cmr/m/n on input line 14.
LaTeX Font Info:    ... okay on input line 14.
LaTeX Font Info:    Checking defaults for PD1/pdf/m/n on input line 14.
LaTeX Font Info:    ... okay on input line 14.
\AtBeginShipoutBox=\box29
Package hyperref Info: Link coloring OFF on input line 14.

(/usr/local/texlive/2019/texmf-dist/tex/latex/hyperref/nameref.sty
Package: nameref 2019/09/16 v2.46 Cross-referencing by name of section

(/usr/local/texlive/2019/texmf-dist/tex/latex/refcount/refcount.sty
Package: refcount 2019/12/15 v3.6 Data extraction from label references (HO)
)
(/usr/local/texlive/2019/texmf-dist/tex/generic/gettitlestring/gettitlestring.s
ty
Package: gettitlestring 2019/12/15 v1.6 Cleanup title references (HO)
)
\c@section@level=\count102
)
LaTeX Info: Redefining \ref on input line 14.
LaTeX Info: Redefining \pageref on input line 14.
LaTeX Info: Redefining \nameref on input line 14.
 (./arxiv.out) (./arxiv.out)
\@outlinefile=\write3
\openout3 = `arxiv.out'.


(/usr/local/texlive/2019/texmf-dist/tex/context/base/mkii/supp-pdf.mkii
[Loading MPS to PDF converter (version 2006.09.02).]
\scratchcounter=\count103
\scratchdimen=\dimen113
\scratchbox=\box30
\nofMPsegments=\count104
\nofMParguments=\count105
\everyMPshowfont=\toks17
\MPscratchCnt=\count106
\MPscratchDim=\dimen114
\MPnumerator=\count107
\makeMPintoPDFobject=\count108
\everyMPtoPDFconversion=\toks18
) (/usr/local/texlive/2019/texmf-dist/tex/latex/epstopdf-pkg/epstopdf-base.sty
Package: epstopdf-base 2019-12-09 v2.10 Base part for package epstopdf
Package epstopdf-base Info: Redefining graphics rule for `.eps' on input line 4
85.

(/usr/local/texlive/2019/texmf-dist/tex/latex/latexconfig/epstopdf-sys.cfg
File: epstopdf-sys.cfg 2010/07/13 v1.3 Configuration of (r)epstopdf for TeX Liv
e
))
(/usr/local/texlive/2019/texmf-dist/tex/latex/pdflscape/pdflscape.sty
Package: pdflscape 2019/12/05 v0.12 Display of landscape pages in PDF (HO)

(/usr/local/texlive/2019/texmf-dist/tex/latex/graphics/lscape.sty
Package: lscape 2000/10/22 v3.01 Landscape Pages (DPC)
)
Package pdflscape Info: Auto-detected driver: pdftex on input line 81.
)
<../doj/doj.pdf, id=4, 597.50829pt x 845.0471pt>
File: ../doj/doj.pdf Graphic file (type pdf)
<use ../doj/doj.pdf>
Package pdftex.def Info: ../doj/doj.pdf  used on input line 15.
(pdftex.def)             Requested size: 597.50682pt x 845.04504pt.
File: ../doj/doj.pdf Graphic file (type pdf)
<use ../doj/doj.pdf>
Package pdftex.def Info: ../doj/doj.pdf  used on input line 15.
(pdftex.def)             Requested size: 597.50682pt x 845.04504pt.
<../doj/doj.pdf, id=7, page=1, 597.50829pt x 845.0471pt>
File: ../doj/doj.pdf Graphic file (type pdf)
<use ../doj/doj.pdf, page 1>
Package pdftex.def Info: ../doj/doj.pdf , page1 used on input line 15.
(pdftex.def)             Requested size: 597.50682pt x 845.04504pt.
File: ../doj/doj.pdf Graphic file (type pdf)
<use ../doj/doj.pdf, page 1>
Package pdftex.def Info: ../doj/doj.pdf , page1 used on input line 15.
(pdftex.def)             Requested size: 597.53416pt x 845.08372pt.
File: ../doj/doj.pdf Graphic file (type pdf)
<use ../doj/doj.pdf, page 1>
Package pdftex.def Info: ../doj/doj.pdf , page1 used on input line 15.
(pdftex.def)             Requested size: 597.53416pt x 845.08372pt.
File: ../doj/doj.pdf Graphic file (type pdf)
<use ../doj/doj.pdf, page 1>
Package pdftex.def Info: ../doj/doj.pdf , page1 used on input line 15.
(pdftex.def)             Requested size: 597.53416pt x 845.08372pt.
File: ../doj/doj.pdf Graphic file (type pdf)
<use ../doj/doj.pdf, page 1>
Package pdftex.def Info: ../doj/doj.pdf , page1 used on input line 15.
(pdftex.def)             Requested size: 597.53416pt x 845.08372pt.
 [1

 <../doj/doj.pdf{/usr/local/texlive/2019/texmf-var/fonts/map/pdftex/updmap/pdft
ex.map}>]
<../doj/doj.pdf, id=73, page=2, 597.50829pt x 845.0471pt>
File: ../doj/doj.pdf Graphic file (type pdf)
<use ../doj/doj.pdf, page 2>
Package pdftex.def Info: ../doj/doj.pdf , page2 used on input line 15.
(pdftex.def)             Requested size: 597.53416pt x 845.08372pt.
File: ../doj/doj.pdf Graphic file (type pdf)
<use ../doj/doj.pdf, page 2>
Package pdftex.def Info: ../doj/doj.pdf , page2 used on input line 15.
(pdftex.def)             Requested size: 597.53416pt x 845.08372pt.
File: ../doj/doj.pdf Graphic file (type pdf)
<use ../doj/doj.pdf, page 2>
Package pdftex.def Info: ../doj/doj.pdf , page2 used on input line 15.
(pdftex.def)             Requested size: 597.53416pt x 845.08372pt.
[2 <../doj/doj.pdf>]
<../doj/doj.pdf, id=124, page=3, 597.50829pt x 845.0471pt>
File: ../doj/doj.pdf Graphic file (type pdf)
<use ../doj/doj.pdf, page 3>
Package pdftex.def Info: ../doj/doj.pdf , page3 used on input line 15.
(pdftex.def)             Requested size: 597.53416pt x 845.08372pt.
File: ../doj/doj.pdf Graphic file (type pdf)
<use ../doj/doj.pdf, page 3>
Package pdftex.def Info: ../doj/doj.pdf , page3 used on input line 15.
(pdftex.def)             Requested size: 597.53416pt x 845.08372pt.
File: ../doj/doj.pdf Graphic file (type pdf)
<use ../doj/doj.pdf, page 3>
Package pdftex.def Info: ../doj/doj.pdf , page3 used on input line 15.
(pdftex.def)             Requested size: 597.53416pt x 845.08372pt.
 [3 <../doj/doj.pdf>]
<../doj/doj.pdf, id=138, page=4, 597.50829pt x 845.0471pt>
File: ../doj/doj.pdf Graphic file (type pdf)
<use ../doj/doj.pdf, page 4>
Package pdftex.def Info: ../doj/doj.pdf , page4 used on input line 15.
(pdftex.def)             Requested size: 597.53416pt x 845.08372pt.
File: ../doj/doj.pdf Graphic file (type pdf)
<use ../doj/doj.pdf, page 4>
Package pdftex.def Info: ../doj/doj.pdf , page4 used on input line 15.
(pdftex.def)             Requested size: 597.53416pt x 845.08372pt.
File: ../doj/doj.pdf Graphic file (type pdf)
<use ../doj/doj.pdf, page 4>
Package pdftex.def Info: ../doj/doj.pdf , page4 used on input line 15.
(pdftex.def)             Requested size: 597.53416pt x 845.08372pt.
 [4 <../doj/doj.pdf>]
<../doj/doj.pdf, id=175, page=5, 597.50829pt x 845.0471pt>
File: ../doj/doj.pdf Graphic file (type pdf)
<use ../doj/doj.pdf, page 5>
Package pdftex.def Info: ../doj/doj.pdf , page5 used on input line 15.
(pdftex.def)             Requested size: 597.53416pt x 845.08372pt.
File: ../doj/doj.pdf Graphic file (type pdf)
<use ../doj/doj.pdf, page 5>
Package pdftex.def Info: ../doj/doj.pdf , page5 used on input line 15.
(pdftex.def)             Requested size: 597.53416pt x 845.08372pt.
File: ../doj/doj.pdf Graphic file (type pdf)
<use ../doj/doj.pdf, page 5>
Package pdftex.def Info: ../doj/doj.pdf , page5 used on input line 15.
(pdftex.def)             Requested size: 597.53416pt x 845.08372pt.
 [5 <../doj/doj.pdf>]
<../doj/doj.pdf, id=191, page=6, 597.50829pt x 845.0471pt>
File: ../doj/doj.pdf Graphic file (type pdf)
<use ../doj/doj.pdf, page 6>
Package pdftex.def Info: ../doj/doj.pdf , page6 used on input line 15.
(pdftex.def)             Requested size: 597.53416pt x 845.08372pt.
File: ../doj/doj.pdf Graphic file (type pdf)
<use ../doj/doj.pdf, page 6>
Package pdftex.def Info: ../doj/doj.pdf , page6 used on input line 15.
(pdftex.def)             Requested size: 597.53416pt x 845.08372pt.
File: ../doj/doj.pdf Graphic file (type pdf)
<use ../doj/doj.pdf, page 6>
Package pdftex.def Info: ../doj/doj.pdf , page6 used on input line 15.
(pdftex.def)             Requested size: 597.53416pt x 845.08372pt.
 [6 <../doj/doj.pdf>]
<../doj/doj.pdf, id=202, page=7, 597.50829pt x 845.0471pt>
File: ../doj/doj.pdf Graphic file (type pdf)
<use ../doj/doj.pdf, page 7>
Package pdftex.def Info: ../doj/doj.pdf , page7 used on input line 15.
(pdftex.def)             Requested size: 597.53416pt x 845.08372pt.
File: ../doj/doj.pdf Graphic file (type pdf)
<use ../doj/doj.pdf, page 7>
Package pdftex.def Info: ../doj/doj.pdf , page7 used on input line 15.
(pdftex.def)             Requested size: 597.53416pt x 845.08372pt.
File: ../doj/doj.pdf Graphic file (type pdf)
<use ../doj/doj.pdf, page 7>
Package pdftex.def Info: ../doj/doj.pdf , page7 used on input line 15.
(pdftex.def)             Requested size: 597.53416pt x 845.08372pt.
 [7 <../doj/doj.pdf>]
<../doj/doj.pdf, id=212, page=8, 597.50829pt x 845.0471pt>
File: ../doj/doj.pdf Graphic file (type pdf)
<use ../doj/doj.pdf, page 8>
Package pdftex.def Info: ../doj/doj.pdf , page8 used on input line 15.
(pdftex.def)             Requested size: 597.53416pt x 845.08372pt.
File: ../doj/doj.pdf Graphic file (type pdf)
<use ../doj/doj.pdf, page 8>
Package pdftex.def Info: ../doj/doj.pdf , page8 used on input line 15.
(pdftex.def)             Requested size: 597.53416pt x 845.08372pt.
File: ../doj/doj.pdf Graphic file (type pdf)
<use ../doj/doj.pdf, page 8>
Package pdftex.def Info: ../doj/doj.pdf , page8 used on input line 15.
(pdftex.def)             Requested size: 597.53416pt x 845.08372pt.
 [8 <../doj/doj.pdf>]
<../doj/doj.pdf, id=221, page=9, 597.50829pt x 845.0471pt>
File: ../doj/doj.pdf Graphic file (type pdf)
<use ../doj/doj.pdf, page 9>
Package pdftex.def Info: ../doj/doj.pdf , page9 used on input line 15.
(pdftex.def)             Requested size: 597.53416pt x 845.08372pt.
File: ../doj/doj.pdf Graphic file (type pdf)
<use ../doj/doj.pdf, page 9>
Package pdftex.def Info: ../doj/doj.pdf , page9 used on input line 15.
(pdftex.def)             Requested size: 597.53416pt x 845.08372pt.
File: ../doj/doj.pdf Graphic file (type pdf)
<use ../doj/doj.pdf, page 9>
Package pdftex.def Info: ../doj/doj.pdf , page9 used on input line 15.
(pdftex.def)             Requested size: 597.53416pt x 845.08372pt.
 [9 <../doj/doj.pdf>]
<../doj/doj.pdf, id=230, page=10, 597.50829pt x 845.0471pt>
File: ../doj/doj.pdf Graphic file (type pdf)
<use ../doj/doj.pdf, page 10>
Package pdftex.def Info: ../doj/doj.pdf , page10 used on input line 15.
(pdftex.def)             Requested size: 597.53416pt x 845.08372pt.
File: ../doj/doj.pdf Graphic file (type pdf)
<use ../doj/doj.pdf, page 10>
Package pdftex.def Info: ../doj/doj.pdf , page10 used on input line 15.
(pdftex.def)             Requested size: 597.53416pt x 845.08372pt.
File: ../doj/doj.pdf Graphic file (type pdf)
<use ../doj/doj.pdf, page 10>
Package pdftex.def Info: ../doj/doj.pdf , page10 used on input line 15.
(pdftex.def)             Requested size: 597.53416pt x 845.08372pt.
 [10 <../doj/doj.pdf>]
<../doj/doj.pdf, id=241, page=11, 597.50829pt x 845.0471pt>
File: ../doj/doj.pdf Graphic file (type pdf)
<use ../doj/doj.pdf, page 11>
Package pdftex.def Info: ../doj/doj.pdf , page11 used on input line 15.
(pdftex.def)             Requested size: 597.53416pt x 845.08372pt.
File: ../doj/doj.pdf Graphic file (type pdf)
<use ../doj/doj.pdf, page 11>
Package pdftex.def Info: ../doj/doj.pdf , page11 used on input line 15.
(pdftex.def)             Requested size: 597.53416pt x 845.08372pt.
File: ../doj/doj.pdf Graphic file (type pdf)
<use ../doj/doj.pdf, page 11>
Package pdftex.def Info: ../doj/doj.pdf , page11 used on input line 15.
(pdftex.def)             Requested size: 597.53416pt x 845.08372pt.
 [11 <../doj/doj.pdf>]
<../doj/doj.pdf, id=252, page=12, 597.50829pt x 845.0471pt>
File: ../doj/doj.pdf Graphic file (type pdf)
<use ../doj/doj.pdf, page 12>
Package pdftex.def Info: ../doj/doj.pdf , page12 used on input line 15.
(pdftex.def)             Requested size: 597.53416pt x 845.08372pt.
File: ../doj/doj.pdf Graphic file (type pdf)
<use ../doj/doj.pdf, page 12>
Package pdftex.def Info: ../doj/doj.pdf , page12 used on input line 15.
(pdftex.def)             Requested size: 597.53416pt x 845.08372pt.
File: ../doj/doj.pdf Graphic file (type pdf)
<use ../doj/doj.pdf, page 12>
Package pdftex.def Info: ../doj/doj.pdf , page12 used on input line 15.
(pdftex.def)             Requested size: 597.53416pt x 845.08372pt.
 [12 <../doj/doj.pdf>]
<../doj/doj.pdf, id=261, page=13, 597.50829pt x 845.0471pt>
File: ../doj/doj.pdf Graphic file (type pdf)
<use ../doj/doj.pdf, page 13>
Package pdftex.def Info: ../doj/doj.pdf , page13 used on input line 15.
(pdftex.def)             Requested size: 597.53416pt x 845.08372pt.
File: ../doj/doj.pdf Graphic file (type pdf)
<use ../doj/doj.pdf, page 13>
Package pdftex.def Info: ../doj/doj.pdf , page13 used on input line 15.
(pdftex.def)             Requested size: 597.53416pt x 845.08372pt.
File: ../doj/doj.pdf Graphic file (type pdf)
<use ../doj/doj.pdf, page 13>
Package pdftex.def Info: ../doj/doj.pdf , page13 used on input line 15.
(pdftex.def)             Requested size: 597.53416pt x 845.08372pt.

[13 <../doj/doj.pdf>]
<../doj/doj.pdf, id=271, page=14, 597.50829pt x 845.0471pt>
File: ../doj/doj.pdf Graphic file (type pdf)
<use ../doj/doj.pdf, page 14>
Package pdftex.def Info: ../doj/doj.pdf , page14 used on input line 15.
(pdftex.def)             Requested size: 597.53416pt x 845.08372pt.
File: ../doj/doj.pdf Graphic file (type pdf)
<use ../doj/doj.pdf, page 14>
Package pdftex.def Info: ../doj/doj.pdf , page14 used on input line 15.
(pdftex.def)             Requested size: 597.53416pt x 845.08372pt.
File: ../doj/doj.pdf Graphic file (type pdf)
<use ../doj/doj.pdf, page 14>
Package pdftex.def Info: ../doj/doj.pdf , page14 used on input line 15.
(pdftex.def)             Requested size: 597.53416pt x 845.08372pt.
 [14 <../doj/doj.pdf>]
<../doj/doj.pdf, id=282, page=15, 597.50829pt x 845.0471pt>
File: ../doj/doj.pdf Graphic file (type pdf)
<use ../doj/doj.pdf, page 15>
Package pdftex.def Info: ../doj/doj.pdf , page15 used on input line 15.
(pdftex.def)             Requested size: 597.53416pt x 845.08372pt.
File: ../doj/doj.pdf Graphic file (type pdf)
<use ../doj/doj.pdf, page 15>
Package pdftex.def Info: ../doj/doj.pdf , page15 used on input line 15.
(pdftex.def)             Requested size: 597.53416pt x 845.08372pt.
File: ../doj/doj.pdf Graphic file (type pdf)
<use ../doj/doj.pdf, page 15>
Package pdftex.def Info: ../doj/doj.pdf , page15 used on input line 15.
(pdftex.def)             Requested size: 597.53416pt x 845.08372pt.
 [15 <../doj/doj.pdf>]
<../doj/doj.pdf, id=291, page=16, 597.50829pt x 845.0471pt>
File: ../doj/doj.pdf Graphic file (type pdf)
<use ../doj/doj.pdf, page 16>
Package pdftex.def Info: ../doj/doj.pdf , page16 used on input line 15.
(pdftex.def)             Requested size: 597.53416pt x 845.08372pt.
File: ../doj/doj.pdf Graphic file (type pdf)
<use ../doj/doj.pdf, page 16>
Package pdftex.def Info: ../doj/doj.pdf , page16 used on input line 15.
(pdftex.def)             Requested size: 597.53416pt x 845.08372pt.
File: ../doj/doj.pdf Graphic file (type pdf)
<use ../doj/doj.pdf, page 16>
Package pdftex.def Info: ../doj/doj.pdf , page16 used on input line 15.
(pdftex.def)             Requested size: 597.53416pt x 845.08372pt.
 [16 <../doj/doj.pdf>]
<../doj/doj.pdf, id=302, page=17, 597.50829pt x 845.0471pt>
File: ../doj/doj.pdf Graphic file (type pdf)
<use ../doj/doj.pdf, page 17>
Package pdftex.def Info: ../doj/doj.pdf , page17 used on input line 15.
(pdftex.def)             Requested size: 597.53416pt x 845.08372pt.
File: ../doj/doj.pdf Graphic file (type pdf)
<use ../doj/doj.pdf, page 17>
Package pdftex.def Info: ../doj/doj.pdf , page17 used on input line 15.
(pdftex.def)             Requested size: 597.53416pt x 845.08372pt.
File: ../doj/doj.pdf Graphic file (type pdf)
<use ../doj/doj.pdf, page 17>
Package pdftex.def Info: ../doj/doj.pdf , page17 used on input line 15.
(pdftex.def)             Requested size: 597.53416pt x 845.08372pt.
 [17 <../doj/doj.pdf>]
<../doj/doj.pdf, id=308, page=18, 597.50829pt x 845.0471pt>
File: ../doj/doj.pdf Graphic file (type pdf)
<use ../doj/doj.pdf, page 18>
Package pdftex.def Info: ../doj/doj.pdf , page18 used on input line 15.
(pdftex.def)             Requested size: 597.53416pt x 845.08372pt.
File: ../doj/doj.pdf Graphic file (type pdf)
<use ../doj/doj.pdf, page 18>
Package pdftex.def Info: ../doj/doj.pdf , page18 used on input line 15.
(pdftex.def)             Requested size: 597.53416pt x 845.08372pt.
File: ../doj/doj.pdf Graphic file (type pdf)
<use ../doj/doj.pdf, page 18>
Package pdftex.def Info: ../doj/doj.pdf , page18 used on input line 15.
(pdftex.def)             Requested size: 597.53416pt x 845.08372pt.
 [18 <../doj/doj.pdf>]
<../doj/doj.pdf, id=314, page=19, 597.50829pt x 845.0471pt>
File: ../doj/doj.pdf Graphic file (type pdf)
<use ../doj/doj.pdf, page 19>
Package pdftex.def Info: ../doj/doj.pdf , page19 used on input line 15.
(pdftex.def)             Requested size: 597.53416pt x 845.08372pt.
File: ../doj/doj.pdf Graphic file (type pdf)
<use ../doj/doj.pdf, page 19>
Package pdftex.def Info: ../doj/doj.pdf , page19 used on input line 15.
(pdftex.def)             Requested size: 597.53416pt x 845.08372pt.
File: ../doj/doj.pdf Graphic file (type pdf)
<use ../doj/doj.pdf, page 19>
Package pdftex.def Info: ../doj/doj.pdf , page19 used on input line 15.
(pdftex.def)             Requested size: 597.53416pt x 845.08372pt.
 [19 <../doj/doj.pdf>]
<../doj/doj.pdf, id=321, page=20, 597.50829pt x 845.0471pt>
File: ../doj/doj.pdf Graphic file (type pdf)
<use ../doj/doj.pdf, page 20>
Package pdftex.def Info: ../doj/doj.pdf , page20 used on input line 15.
(pdftex.def)             Requested size: 597.53416pt x 845.08372pt.
File: ../doj/doj.pdf Graphic file (type pdf)
<use ../doj/doj.pdf, page 20>
Package pdftex.def Info: ../doj/doj.pdf , page20 used on input line 15.
(pdftex.def)             Requested size: 597.53416pt x 845.08372pt.
File: ../doj/doj.pdf Graphic file (type pdf)
<use ../doj/doj.pdf, page 20>
Package pdftex.def Info: ../doj/doj.pdf , page20 used on input line 15.
(pdftex.def)             Requested size: 597.53416pt x 845.08372pt.

[20 <../doj/doj.pdf>]
<../doj/doj.pdf, id=338, page=21, 597.50829pt x 845.0471pt>
File: ../doj/doj.pdf Graphic file (type pdf)
<use ../doj/doj.pdf, page 21>
Package pdftex.def Info: ../doj/doj.pdf , page21 used on input line 15.
(pdftex.def)             Requested size: 597.53416pt x 845.08372pt.
File: ../doj/doj.pdf Graphic file (type pdf)
<use ../doj/doj.pdf, page 21>
Package pdftex.def Info: ../doj/doj.pdf , page21 used on input line 15.
(pdftex.def)             Requested size: 597.53416pt x 845.08372pt.
File: ../doj/doj.pdf Graphic file (type pdf)
<use ../doj/doj.pdf, page 21>
Package pdftex.def Info: ../doj/doj.pdf , page21 used on input line 15.
(pdftex.def)             Requested size: 597.53416pt x 845.08372pt.
 [21 <../doj/doj.pdf>]
<../doj/doj.pdf, id=364, page=22, 597.50829pt x 845.0471pt>
File: ../doj/doj.pdf Graphic file (type pdf)
<use ../doj/doj.pdf, page 22>
Package pdftex.def Info: ../doj/doj.pdf , page22 used on input line 15.
(pdftex.def)             Requested size: 597.53416pt x 845.08372pt.
File: ../doj/doj.pdf Graphic file (type pdf)
<use ../doj/doj.pdf, page 22>
Package pdftex.def Info: ../doj/doj.pdf , page22 used on input line 15.
(pdftex.def)             Requested size: 597.53416pt x 845.08372pt.
File: ../doj/doj.pdf Graphic file (type pdf)
<use ../doj/doj.pdf, page 22>
Package pdftex.def Info: ../doj/doj.pdf , page22 used on input line 15.
(pdftex.def)             Requested size: 597.53416pt x 845.08372pt.
 [22 <../doj/doj.pdf>]
<../doj/doj.pdf, id=370, page=23, 597.50829pt x 845.0471pt>
File: ../doj/doj.pdf Graphic file (type pdf)
<use ../doj/doj.pdf, page 23>
Package pdftex.def Info: ../doj/doj.pdf , page23 used on input line 15.
(pdftex.def)             Requested size: 597.53416pt x 845.08372pt.
File: ../doj/doj.pdf Graphic file (type pdf)
<use ../doj/doj.pdf, page 23>
Package pdftex.def Info: ../doj/doj.pdf , page23 used on input line 15.
(pdftex.def)             Requested size: 597.53416pt x 845.08372pt.
File: ../doj/doj.pdf Graphic file (type pdf)
<use ../doj/doj.pdf, page 23>
Package pdftex.def Info: ../doj/doj.pdf , page23 used on input line 15.
(pdftex.def)             Requested size: 597.53416pt x 845.08372pt.
 [23 <../doj/doj.pdf>]
<../doj/doj.pdf, id=376, page=24, 597.50829pt x 845.0471pt>
File: ../doj/doj.pdf Graphic file (type pdf)
<use ../doj/doj.pdf, page 24>
Package pdftex.def Info: ../doj/doj.pdf , page24 used on input line 15.
(pdftex.def)             Requested size: 597.53416pt x 845.08372pt.
File: ../doj/doj.pdf Graphic file (type pdf)
<use ../doj/doj.pdf, page 24>
Package pdftex.def Info: ../doj/doj.pdf , page24 used on input line 15.
(pdftex.def)             Requested size: 597.53416pt x 845.08372pt.
File: ../doj/doj.pdf Graphic file (type pdf)
<use ../doj/doj.pdf, page 24>
Package pdftex.def Info: ../doj/doj.pdf , page24 used on input line 15.
(pdftex.def)             Requested size: 597.53416pt x 845.08372pt.
 [24 <../doj/doj.pdf>]
<../doj/doj.pdf, id=388, page=25, 597.50829pt x 845.0471pt>
File: ../doj/doj.pdf Graphic file (type pdf)
<use ../doj/doj.pdf, page 25>
Package pdftex.def Info: ../doj/doj.pdf , page25 used on input line 15.
(pdftex.def)             Requested size: 597.53416pt x 845.08372pt.
File: ../doj/doj.pdf Graphic file (type pdf)
<use ../doj/doj.pdf, page 25>
Package pdftex.def Info: ../doj/doj.pdf , page25 used on input line 15.
(pdftex.def)             Requested size: 597.53416pt x 845.08372pt.
File: ../doj/doj.pdf Graphic file (type pdf)
<use ../doj/doj.pdf, page 25>
Package pdftex.def Info: ../doj/doj.pdf , page25 used on input line 15.
(pdftex.def)             Requested size: 597.53416pt x 845.08372pt.
 [25 <../doj/doj.pdf>]
<../doj/doj.pdf, id=395, page=26, 597.50829pt x 845.0471pt>
File: ../doj/doj.pdf Graphic file (type pdf)
<use ../doj/doj.pdf, page 26>
Package pdftex.def Info: ../doj/doj.pdf , page26 used on input line 15.
(pdftex.def)             Requested size: 597.53416pt x 845.08372pt.
File: ../doj/doj.pdf Graphic file (type pdf)
<use ../doj/doj.pdf, page 26>
Package pdftex.def Info: ../doj/doj.pdf , page26 used on input line 15.
(pdftex.def)             Requested size: 597.53416pt x 845.08372pt.
File: ../doj/doj.pdf Graphic file (type pdf)
<use ../doj/doj.pdf, page 26>
Package pdftex.def Info: ../doj/doj.pdf , page26 used on input line 15.
(pdftex.def)             Requested size: 597.53416pt x 845.08372pt.
 [26 <../doj/doj.pdf>]
<../doj/doj.pdf, id=401, page=27, 597.50829pt x 845.0471pt>
File: ../doj/doj.pdf Graphic file (type pdf)
<use ../doj/doj.pdf, page 27>
Package pdftex.def Info: ../doj/doj.pdf , page27 used on input line 15.
(pdftex.def)             Requested size: 597.53416pt x 845.08372pt.
File: ../doj/doj.pdf Graphic file (type pdf)
<use ../doj/doj.pdf, page 27>
Package pdftex.def Info: ../doj/doj.pdf , page27 used on input line 15.
(pdftex.def)             Requested size: 597.53416pt x 845.08372pt.
File: ../doj/doj.pdf Graphic file (type pdf)
<use ../doj/doj.pdf, page 27>
Package pdftex.def Info: ../doj/doj.pdf , page27 used on input line 15.
(pdftex.def)             Requested size: 597.53416pt x 845.08372pt.

[27 <../doj/doj.pdf>]
<../doj/doj.pdf, id=412, page=28, 597.50829pt x 845.0471pt>
File: ../doj/doj.pdf Graphic file (type pdf)
<use ../doj/doj.pdf, page 28>
Package pdftex.def Info: ../doj/doj.pdf , page28 used on input line 15.
(pdftex.def)             Requested size: 597.53416pt x 845.08372pt.
File: ../doj/doj.pdf Graphic file (type pdf)
<use ../doj/doj.pdf, page 28>
Package pdftex.def Info: ../doj/doj.pdf , page28 used on input line 15.
(pdftex.def)             Requested size: 597.53416pt x 845.08372pt.
File: ../doj/doj.pdf Graphic file (type pdf)
<use ../doj/doj.pdf, page 28>
Package pdftex.def Info: ../doj/doj.pdf , page28 used on input line 15.
(pdftex.def)             Requested size: 597.53416pt x 845.08372pt.
 [28 <../doj/doj.pdf>]
<../doj/doj.pdf, id=418, page=29, 597.50829pt x 845.0471pt>
File: ../doj/doj.pdf Graphic file (type pdf)
<use ../doj/doj.pdf, page 29>
Package pdftex.def Info: ../doj/doj.pdf , page29 used on input line 15.
(pdftex.def)             Requested size: 597.53416pt x 845.08372pt.
File: ../doj/doj.pdf Graphic file (type pdf)
<use ../doj/doj.pdf, page 29>
Package pdftex.def Info: ../doj/doj.pdf , page29 used on input line 15.
(pdftex.def)             Requested size: 597.53416pt x 845.08372pt.
File: ../doj/doj.pdf Graphic file (type pdf)
<use ../doj/doj.pdf, page 29>
Package pdftex.def Info: ../doj/doj.pdf , page29 used on input line 15.
(pdftex.def)             Requested size: 597.53416pt x 845.08372pt.
 [29 <../doj/doj.pdf>]
<../doj/doj.pdf, id=424, page=30, 597.50829pt x 845.0471pt>
File: ../doj/doj.pdf Graphic file (type pdf)
<use ../doj/doj.pdf, page 30>
Package pdftex.def Info: ../doj/doj.pdf , page30 used on input line 15.
(pdftex.def)             Requested size: 597.53416pt x 845.08372pt.
File: ../doj/doj.pdf Graphic file (type pdf)
<use ../doj/doj.pdf, page 30>
Package pdftex.def Info: ../doj/doj.pdf , page30 used on input line 15.
(pdftex.def)             Requested size: 597.53416pt x 845.08372pt.
File: ../doj/doj.pdf Graphic file (type pdf)
<use ../doj/doj.pdf, page 30>
Package pdftex.def Info: ../doj/doj.pdf , page30 used on input line 15.
(pdftex.def)             Requested size: 597.53416pt x 845.08372pt.
 [30 <../doj/doj.pdf>]
<../doj/doj.pdf, id=430, page=31, 597.50829pt x 845.0471pt>
File: ../doj/doj.pdf Graphic file (type pdf)
<use ../doj/doj.pdf, page 31>
Package pdftex.def Info: ../doj/doj.pdf , page31 used on input line 15.
(pdftex.def)             Requested size: 597.53416pt x 845.08372pt.
File: ../doj/doj.pdf Graphic file (type pdf)
<use ../doj/doj.pdf, page 31>
Package pdftex.def Info: ../doj/doj.pdf , page31 used on input line 15.
(pdftex.def)             Requested size: 597.53416pt x 845.08372pt.
File: ../doj/doj.pdf Graphic file (type pdf)
<use ../doj/doj.pdf, page 31>
Package pdftex.def Info: ../doj/doj.pdf , page31 used on input line 15.
(pdftex.def)             Requested size: 597.53416pt x 845.08372pt.
 [31 <../doj/doj.pdf>]
<../doj/doj.pdf, id=437, page=32, 597.50829pt x 845.0471pt>
File: ../doj/doj.pdf Graphic file (type pdf)
<use ../doj/doj.pdf, page 32>
Package pdftex.def Info: ../doj/doj.pdf , page32 used on input line 15.
(pdftex.def)             Requested size: 597.53416pt x 845.08372pt.
File: ../doj/doj.pdf Graphic file (type pdf)
<use ../doj/doj.pdf, page 32>
Package pdftex.def Info: ../doj/doj.pdf , page32 used on input line 15.
(pdftex.def)             Requested size: 597.53416pt x 845.08372pt.
File: ../doj/doj.pdf Graphic file (type pdf)
<use ../doj/doj.pdf, page 32>
Package pdftex.def Info: ../doj/doj.pdf , page32 used on input line 15.
(pdftex.def)             Requested size: 597.53416pt x 845.08372pt.
 [32 <../doj/doj.pdf>]
<../doj/doj.pdf, id=443, page=33, 597.50829pt x 845.0471pt>
File: ../doj/doj.pdf Graphic file (type pdf)
<use ../doj/doj.pdf, page 33>
Package pdftex.def Info: ../doj/doj.pdf , page33 used on input line 15.
(pdftex.def)             Requested size: 597.53416pt x 845.08372pt.
File: ../doj/doj.pdf Graphic file (type pdf)
<use ../doj/doj.pdf, page 33>
Package pdftex.def Info: ../doj/doj.pdf , page33 used on input line 15.
(pdftex.def)             Requested size: 597.53416pt x 845.08372pt.
File: ../doj/doj.pdf Graphic file (type pdf)
<use ../doj/doj.pdf, page 33>
Package pdftex.def Info: ../doj/doj.pdf , page33 used on input line 15.
(pdftex.def)             Requested size: 597.53416pt x 845.08372pt.
 [33 <../doj/doj.pdf>]
<../doj/doj.pdf, id=449, page=34, 597.50829pt x 845.0471pt>
File: ../doj/doj.pdf Graphic file (type pdf)
<use ../doj/doj.pdf, page 34>
Package pdftex.def Info: ../doj/doj.pdf , page34 used on input line 15.
(pdftex.def)             Requested size: 597.53416pt x 845.08372pt.
File: ../doj/doj.pdf Graphic file (type pdf)
<use ../doj/doj.pdf, page 34>
Package pdftex.def Info: ../doj/doj.pdf , page34 used on input line 15.
(pdftex.def)             Requested size: 597.53416pt x 845.08372pt.
File: ../doj/doj.pdf Graphic file (type pdf)
<use ../doj/doj.pdf, page 34>
Package pdftex.def Info: ../doj/doj.pdf , page34 used on input line 15.
(pdftex.def)             Requested size: 597.53416pt x 845.08372pt.

[34 <../doj/doj.pdf>]
Package atveryend Info: Empty hook `BeforeClearDocument' on input line 16.
Package atveryend Info: Empty hook `AfterLastShipout' on input line 16.
 (./arxiv.aux)
Package atveryend Info: Executing hook `AtVeryEndDocument' on input line 16.
Package atveryend Info: Executing hook `AtEndAfterFileList' on input line 16.
Package rerunfilecheck Info: File `arxiv.out' has not changed.
(rerunfilecheck)             Checksum: D41D8CD98F00B204E9800998ECF8427E;0.
Package atveryend Info: Empty hook `AtVeryVeryEnd' on input line 16.
 ) 
Here is how much of TeX's memory you used:
 6443 strings out of 492163
 98867 string characters out of 6125305
 186239 words of memory out of 5000000
 10644 multiletter control sequences out of 15000+600000
 3640 words of font info for 14 fonts, out of 8000000 for 9000
 1141 hyphenation exceptions out of 8191
 40i,18n,46p,222b,443s stack positions out of 5000i,500n,10000p,200000b,80000s
</usr/local/texlive/2019/texmf-dist/fonts/type1/public/fontawesome5/FontAweso
me5Brands-Regular.pfb></usr/local/texlive/2019/texmf-dist/fonts/type1/public/in
itials/Zallman.pfb></usr/local/texlive/2019/texmf-dist/fonts/type1/public/amsfo
nts/cm/cmbx10.pfb></usr/local/texlive/2019/texmf-dist/fonts/type1/public/amsfon
ts/cm/cmbx12.pfb></usr/local/texlive/2019/texmf-dist/fonts/type1/public/amsfont
s/cm/cmbx9.pfb></usr/local/texlive/2019/texmf-dist/fonts/type1/public/amsfonts/
cm/cmbxti10.pfb></usr/local/texlive/2019/texmf-dist/fonts/type1/public/amsfonts
/cm/cmcsc10.pfb></usr/local/texlive/2019/texmf-dist/fonts/type1/public/amsfonts
/cm/cmex10.pfb></usr/local/texlive/2019/texmf-dist/fonts/type1/public/amsfonts/
cmextra/cmex8.pfb></usr/local/texlive/2019/texmf-dist/fonts/type1/public/amsfon
ts/cm/cmitt10.pfb></usr/local/texlive/2019/texmf-dist/fonts/type1/public/amsfon
ts/cm/cmmi10.pfb></usr/local/texlive/2019/texmf-dist/fonts/type1/public/amsfont
s/cm/cmmi6.pfb></usr/local/texlive/2019/texmf-dist/fonts/type1/public/amsfonts/
cm/cmmi7.pfb></usr/local/texlive/2019/texmf-dist/fonts/type1/public/amsfonts/cm
/cmmi8.pfb></usr/local/texlive/2019/texmf-dist/fonts/type1/public/amsfonts/cm/c
mr10.pfb></usr/local/texlive/2019/texmf-dist/fonts/type1/public/amsfonts/cm/cmr
12.pfb></usr/local/texlive/2019/texmf-dist/fonts/type1/public/amsfonts/cm/cmr17
.pfb></usr/local/texlive/2019/texmf-dist/fonts/type1/public/amsfonts/cm/cmr6.pf
b></usr/local/texlive/2019/texmf-dist/fonts/type1/public/amsfonts/cm/cmr7.pfb><
/usr/local/texlive/2019/texmf-dist/fonts/type1/public/amsfonts/cm/cmr8.pfb></us
r/local/texlive/2019/texmf-dist/fonts/type1/public/amsfonts/cm/cmr9.pfb></usr/l
ocal/texlive/2019/texmf-dist/fonts/type1/public/amsfonts/cm/cmsl10.pfb></usr/lo
cal/texlive/2019/texmf-dist/fonts/type1/public/amsfonts/cm/cmsltt10.pfb></usr/l
ocal/texlive/2019/texmf-dist/fonts/type1/public/amsfonts/cm/cmsy10.pfb></usr/lo
cal/texlive/2019/texmf-dist/fonts/type1/public/amsfonts/cm/cmsy6.pfb></usr/loca
l/texlive/2019/texmf-dist/fonts/type1/public/amsfonts/cm/cmsy7.pfb></usr/local/
texlive/2019/texmf-dist/fonts/type1/public/amsfonts/cm/cmsy8.pfb></usr/local/te
xlive/2019/texmf-dist/fonts/type1/public/amsfonts/cm/cmti10.pfb></usr/local/tex
live/2019/texmf-dist/fonts/type1/public/amsfonts/cm/cmti7.pfb></usr/local/texli
ve/2019/texmf-dist/fonts/type1/public/amsfonts/cm/cmti8.pfb></usr/local/texlive
/2019/texmf-dist/fonts/type1/public/amsfonts/cm/cmtt10.pfb></usr/local/texlive/
2019/texmf-dist/fonts/type1/public/amsfonts/cm/cmtt8.pfb></usr/local/texlive/20
19/texmf-dist/fonts/type1/public/amsfonts/cm/cmtt9.pfb></usr/local/texlive/2019
/texmf-dist/fonts/type1/public/cm-super/sfrm0600.pfb></usr/local/texlive/2019/t
exmf-dist/fonts/type1/public/cm-super/sfrm0800.pfb></usr/local/texlive/2019/tex
mf-dist/fonts/type1/public/cm-super/sfrm1000.pfb></usr/local/texlive/2019/texmf
-dist/fonts/type1/public/cm-super/sfst0800.pfb></usr/local/texlive/2019/texmf-d
ist/fonts/type1/public/cm-super/sfst0900.pfb></usr/local/texlive/2019/texmf-dis
t/fonts/type1/public/wasy2-ps/wasy10.pfb>
Output written on arxiv.pdf (34 pages, 1935521 bytes).
PDF statistics:
 514 PDF objects out of 1000 (max. 8388607)
 380 compressed objects within 4 object streams
 69 named destinations out of 1000 (max. 500000)
 186 words of extra memory for PDF output out of 10000 (max. 10000000)

